INFO:WDM:

INFO:WDM:====== WebDriver manager ======
INFO:WDM:Current firefox version is 97.0
INFO:WDM:Get LATEST geckodriver version for 97.0 firefox
INFO:WDM:Driver [/Users/jackyangara/.wdm/drivers/geckodriver/macos/v0.30.0/geckodriver] found in cache
INFO:WDM:

INFO:WDM:====== WebDriver manager ======
INFO:WDM:Current firefox version is 97.0
INFO:WDM:Get LATEST geckodriver version for 97.0 firefox
INFO:WDM:Driver [/Users/jackyangara/.wdm/drivers/geckodriver/macos/v0.30.0/geckodriver] found in cache
ERROR:root:error:1:1: '1' is not in list
ERROR:root:error:1:2: '2' is not in list
ERROR:root:error:1:3: '3' is not in list
ERROR:root:error:1:4: '4' is not in list
ERROR:root:error:1:5: '5' is not in list
ERROR:root:error:1:6: '6' is not in list
ERROR:root:error:1:7: '7' is not in list
ERROR:root:error:1:8: '8' is not in list
ERROR:root:error:1:9: '9' is not in list
ERROR:root:error:1:10: '10' is not in list
ERROR:root:error:1:11: '11' is not in list
ERROR:root:error:1:12: '12' is not in list
ERROR:root:error:1:13: '13' is not in list
ERROR:root:error:1:14: '14' is not in list
ERROR:root:error:1:15: '15' is not in list
ERROR:root:error:1:16: '16' is not in list
ERROR:root:error:1:17: '17' is not in list
ERROR:root:error:1:18: '18' is not in list
ERROR:root:error:1:19: '19' is not in list
ERROR:root:error:1:20: '20' is not in list
ERROR:root:error:1:21: '21' is not in list
ERROR:root:error:1:22: '22' is not in list
ERROR:root:error:1:23: '23' is not in list
ERROR:root:error:1:24: '24' is not in list
ERROR:root:error:1:25: '25' is not in list
INFO:WDM:

INFO:WDM:====== WebDriver manager ======
INFO:WDM:Current firefox version is 97.0
INFO:WDM:Get LATEST geckodriver version for 97.0 firefox
INFO:WDM:Driver [/Users/jackyangara/.wdm/drivers/geckodriver/macos/v0.30.0/geckodriver] found in cache
ERROR:root:error:1:1: '1' is not in list
ERROR:root:error:1:2: '2' is not in list
ERROR:root:error:1:3: '3' is not in list
ERROR:root:error:1:4: '4' is not in list
ERROR:root:error:1:5: '5' is not in list
ERROR:root:error:1:6: '6' is not in list
ERROR:root:error:1:7: '7' is not in list
ERROR:root:error:1:8: '8' is not in list
ERROR:root:error:1:9: '9' is not in list
ERROR:root:error:1:10: '10' is not in list
ERROR:root:error:1:11: '11' is not in list
ERROR:root:error:1:12: '12' is not in list
ERROR:root:error:1:13: '13' is not in list
ERROR:root:error:1:14: '14' is not in list
ERROR:root:error:1:15: '15' is not in list
ERROR:root:error:1:16: '16' is not in list
